[    0.000000] Initializing cgroup subsys cpuset
[    0.000000] Initializing cgroup subsys cpu
[    0.000000] Initializing cgroup subsys cpuacct
[    0.000000] Linux version 4.4.0-77-generic (buildd@lgw01-59) (gcc version 5.4.0 20160609 (Ubuntu 5.4.0-6ubuntu1~16.04.4) ) #98-Ubuntu SMP Wed Apr 26 08:34:02 UTC 2017 (Ubuntu 4.4.0-77.98-generic 4.4.59)
[    0.000000] Command line: BOOT_IMAGE=/boot/vmlinuz-4.4.0-77-generic root=LABEL=cloudimg-rootfs ro console=tty1 console=ttyS0
[    0.000000] KERNEL supported cpus:
[    0.000000]   Intel GenuineIntel
[    0.000000]   AMD AuthenticAMD
[    0.000000]   Centaur CentaurHauls
[    0.000000] ------------[ cut here ]------------
[    0.000000] WARNING: CPU: 0 PID: 0 at /build/linux-FyIZxz/linux-4.4.0/arch/x86/kernel/fpu/xstate.c:517 fpu__init_system_xstate+0x38b/0x75a()
[    0.000000] XSAVE consistency problem, dumping leaves
[    0.000000] Modules linked in:
[    0.000000] CPU: 0 PID: 0 Comm: swapper Not tainted 4.4.0-77-generic #98-Ubuntu
[    0.000000]  0000000000000086 bd9d437dcea491fc ffffffff81e03d80 ffffffff813f8493
[    0.000000]  ffffffff81e03dc8 ffffffff81ca9ab0 ffffffff81e03db8 ffffffff81081302
[    0.000000]  ffffffff81e03e48 ffffffff81e03e4c 0000000000000008 0000000000000100
[    0.000000] Call Trace:
[    0.000000]  [<ffffffff813f8493>] dump_stack+0x63/0x90
[    0.000000]  [<ffffffff81081302>] warn_slowpath_common+0x82/0xc0
[    0.000000]  [<ffffffff8108139c>] warn_slowpath_fmt+0x5c/0x80
[    0.000000]  [<ffffffff8107cfd0>] ? xfeature_size+0x59/0x77
[    0.000000]  [<ffffffff81f6d20f>] fpu__init_system_xstate+0x38b/0x75a
[    0.000000]  [<ffffffff81f5d120>] ? early_idt_handler_array+0x120/0x120
[    0.000000]  [<ffffffff81f6cb7a>] fpu__init_system+0x10d/0x245
[    0.000000]  [<ffffffff81f6dc83>] early_cpu_init+0x139/0x13e
[    0.000000]  [<ffffffff81f6dc83>] ? early_cpu_init+0x139/0x13e
[    0.000000]  [<ffffffff81f6918a>] setup_arch+0xb4/0xcf1
[    0.000000]  [<ffffffff81f5d120>] ? early_idt_handler_array+0x120/0x120
[    0.000000]  [<ffffffff81f5dc74>] start_kernel+0xe4/0x4a2
[    0.000000]  [<ffffffff81f5d120>] ? early_idt_handler_array+0x120/0x120
[    0.000000]  [<ffffffff81f5d339>] x86_64_start_reservations+0x2a/0x2c
[    0.000000]  [<ffffffff81f5d485>] x86_64_start_kernel+0x14a/0x16d
[    0.000000] ---[ end trace 4d5ff9f2f68c4233 ]---
[    0.000000] CPUID[0d, 00]: eax=00000007 ebx=00000440 ecx=00000440 edx=00000000
[    0.000000] CPUID[0d, 01]: eax=00000000 ebx=000003c0 ecx=00000000 edx=00000000
[    0.000000] CPUID[0d, 02]: eax=00000100 ebx=00000240 ecx=00000000 edx=00000000
[    0.000000] CPUID[0d, 03]: eax=00000000 ebx=00000000 ecx=00000000 edx=00000000
[    0.000000] CPUID[0d, 04]: eax=00000000 ebx=00000000 ecx=00000000 edx=00000000
[    0.000000] CPUID[0d, 05]: eax=00000000 ebx=00000000 ecx=00000000 edx=00000000
[    0.000000] CPUID[0d, 06]: eax=00000000 ebx=00000000 ecx=00000000 edx=00000000
[    0.000000] CPUID[0d, 07]: eax=00000000 ebx=00000000 ecx=00000000 edx=00000000
[    0.000000] CPUID[0d, 08]: eax=00000000 ebx=00000000 ecx=00000000 edx=00000000
[    0.000000] CPUID[0d, 09]: eax=00000000 ebx=00000000 ecx=00000000 edx=00000000
[    0.000000] CPUID[0d, 0a]: eax=00000000 ebx=00000000 ecx=00000000 edx=00000000
[    0.000000] CPUID[0d, 0b]: eax=00000000 ebx=00000000 ecx=00000000 edx=00000000
[    0.000000] CPUID[0d, 0c]: eax=00000000 ebx=00000000 ecx=00000000 edx=00000000
[    0.000000] CPUID[0d, 0d]: eax=00000000 ebx=00000000 ecx=00000000 edx=00000000
[    0.000000] CPUID[0d, 0e]: eax=00000000 ebx=00000000 ecx=00000000 edx=00000000
[    0.000000] CPUID[0d, 0f]: eax=00000000 ebx=00000000 ecx=00000000 edx=00000000
[    0.000000] CPUID[0d, 10]: eax=00000000 ebx=00000000 ecx=00000000 edx=00000000
[    0.000000] CPUID[0d, 11]: eax=00000000 ebx=00000000 ecx=00000000 edx=00000000
[    0.000000] x86/fpu: xstate_offset[2]:  576, xstate_sizes[2]:  256
[    0.000000] x86/fpu: Supporting XSAVE feature 0x01: 'x87 floating point registers'
[    0.000000] x86/fpu: Supporting XSAVE feature 0x02: 'SSE registers'
[    0.000000] x86/fpu: Supporting XSAVE feature 0x04: 'AVX registers'
[    0.000000] x86/fpu: Enabled xstate features 0x7, context size is 1088 bytes, using 'standard' format.
[    0.000000] x86/fpu: Using 'lazy' FPU context switches.
[    0.000000] e820: BIOS-provided physical RAM map:
[    0.000000] BIOS-e820: [mem 0x0000000000000000-0x000000000009fbff] usable
[    0.000000] BIOS-e820: [mem 0x000000000009fc00-0x000000000009ffff] reserved
[    0.000000] BIOS-e820: [mem 0x00000000000f0000-0x00000000000fffff] reserved
[    0.000000] BIOS-e820: [mem 0x0000000000100000-0x000000003ffeffff] usable
[    0.000000] BIOS-e820: [mem 0x000000003fff0000-0x000000003fffffff] ACPI data
[    0.000000] BIOS-e820: [mem 0x00000000fec00000-0x00000000fec00fff] reserved
[    0.000000] BIOS-e820: [mem 0x00000000fee00000-0x00000000fee00fff] reserved
[    0.000000] BIOS-e820: [mem 0x00000000fffc0000-0x00000000ffffffff] reserved
[    0.000000] NX (Execute Disable) protection: active
[    0.000000] SMBIOS 2.5 present.
[    0.000000] Hypervisor detected: KVM
[    0.000000] e820: last_pfn = 0x3fff0 max_arch_pfn = 0x400000000
[    0.000000] MTRR: Disabled
[    0.000000] x86/PAT: MTRRs disabled, skipping PAT initialization too.
[    0.000000] x86/PAT: Configuration [0-7]: WB  WT  UC- UC  WB  WT  UC- UC  
[    0.000000] CPU MTRRs all blank - virtualized system.
[    0.000000] found SMP MP-table at [mem 0x0009fff0-0x0009ffff] mapped at [ffff88000009fff0]
[    0.000000] Scanning 1 areas for low memory corruption
[    0.000000] RAMDISK: [mem 0x36aea000-0x3756cfff]
[    0.000000] ACPI: Early table checksum verification disabled
[    0.000000] ACPI: RSDP 0x00000000000E0000 000024 (v02 VBOX  )
[    0.000000] ACPI: XSDT 0x000000003FFF0030 00003C (v01 VBOX   VBOXXSDT 00000001 ASL  00000061)
[    0.000000] ACPI: FACP 0x000000003FFF00F0 0000F4 (v04 VBOX   VBOXFACP 00000001 ASL  00000061)
[    0.000000] ACPI: DSDT 0x000000003FFF0470 0021C8 (v02 VBOX   VBOXBIOS 00000002 INTL 20160831)
[    0.000000] ACPI: FACS 0x000000003FFF0200 000040
[    0.000000] ACPI: FACS 0x000000003FFF0200 000040
[    0.000000] ACPI: APIC 0x000000003FFF0240 00005C (v02 VBOX   VBOXAPIC 00000001 ASL  00000061)
[    0.000000] ACPI: SSDT 0x000000003FFF02A0 0001CC (v01 VBOX   VBOXCPUT 00000002 INTL 20160831)
[    0.000000] No NUMA configuration found
[    0.000000] Faking a node at [mem 0x0000000000000000-0x000000003ffeffff]
[    0.000000] NODE_DATA(0) allocated [mem 0x3ffeb000-0x3ffeffff]
[    0.000000] kvm-clock: Using msrs 4b564d01 and 4b564d00
[    0.000000] kvm-clock: cpu 0, msr 0:3ffe3001, primary cpu clock
[    0.000000] kvm-clock: using sched offset of 2977439232 cycles
[    0.000000] clocksource: kvm-clock: mask: 0xffffffffffffffff max_cycles: 0x1cd42e4dffb, max_idle_ns: 881590591483 ns
[    0.000000] Zone ranges:
[    0.000000]   DMA      [mem 0x0000000000001000-0x0000000000ffffff]
[    0.000000]   DMA32    [mem 0x0000000001000000-0x000000003ffeffff]
[    0.000000]   Normal   empty
[    0.000000]   Device   empty
[    0.000000] Movable zone start for each node
[    0.000000] Early memory node ranges
[    0.000000]   node   0: [mem 0x0000000000001000-0x000000000009efff]
[    0.000000]   node   0: [mem 0x0000000000100000-0x000000003ffeffff]
[    0.000000] Initmem setup node 0 [mem 0x0000000000001000-0x000000003ffeffff]
[    0.000000] ACPI: PM-Timer IO Port: 0x4008
[    0.000000] IOAPIC[0]: apic_id 2, version 32, address 0xfec00000, GSI 0-23
[    0.000000] ACPI: INT_SRC_OVR (bus 0 bus_irq 0 global_irq 2 dfl dfl)
[    0.000000] ACPI: INT_SRC_OVR (bus 0 bus_irq 9 global_irq 9 high level)
[    0.000000] Using ACPI (MADT) for SMP configuration information
[    0.000000] smpboot: Allowing 2 CPUs, 0 hotplug CPUs
[    0.000000] PM: Registered nosave memory: [mem 0x00000000-0x00000fff]
[    0.000000] PM: Registered nosave memory: [mem 0x0009f000-0x0009ffff]
[    0.000000] PM: Registered nosave memory: [mem 0x000a0000-0x000effff]
[    0.000000] PM: Registered nosave memory: [mem 0x000f0000-0x000fffff]
[    0.000000] e820: [mem 0x40000000-0xfebfffff] available for PCI devices
[    0.000000] Booting paravirtualized kernel on KVM
[    0.000000] clocksource: refined-jiffies: mask: 0xffffffff max_cycles: 0xffffffff, max_idle_ns: 7645519600211568 ns
[    0.000000] setup_percpu: NR_CPUS:512 nr_cpumask_bits:512 nr_cpu_ids:2 nr_node_ids:1
[    0.000000] PERCPU: Embedded 33 pages/cpu @ffff88003fc00000 s98264 r8192 d28712 u1048576
[    0.000000] PV qspinlock hash table entries: 256 (order: 0, 4096 bytes)
[    0.000000] Built 1 zonelists in Node order, mobility grouping on.  Total pages: 257913
[    0.000000] Policy zone: DMA32
[    0.000000] Kernel command line: BOOT_IMAGE=/boot/vmlinuz-4.4.0-77-generic root=LABEL=cloudimg-rootfs ro console=tty1 console=ttyS0
[    0.000000] PID hash table entries: 4096 (order: 3, 32768 bytes)
[    0.000000] Memory: 1001816K/1048120K available (8449K kernel code, 1294K rwdata, 3980K rodata, 1484K init, 1316K bss, 46304K reserved, 0K cma-reserved)
[    0.000000] SLUB: HWalign=64, Order=0-3, MinObjects=0, CPUs=2, Nodes=1
[    0.000000] Hierarchical RCU implementation.
[    0.000000] 	Build-time adjustment of leaf fanout to 64.
[    0.000000] 	RCU restricting CPUs from NR_CPUS=512 to nr_cpu_ids=2.
[    0.000000] RCU: Adjusting geometry for rcu_fanout_leaf=64, nr_cpu_ids=2
[    0.000000] NR_IRQS:33024 nr_irqs:440 16
[    0.000000] Console: colour VGA+ 80x25
[    0.000000] console [tty1] enabled
[    0.000000] console [ttyS0] enabled
[    0.000000] tsc: Detected 2808.000 MHz processor
[   15.926740] Calibrating delay loop (skipped) preset value.. 5616.00 BogoMIPS (lpj=11232000)
[   15.977562] pid_max: default: 32768 minimum: 301
[   15.978169] ACPI: Core revision 20150930
[   15.979490] ACPI: 2 ACPI AML tables successfully acquired and loaded
[   15.980347] Security Framework initialized
[   15.980910] Yama: becoming mindful.
[   15.981422] AppArmor: AppArmor initialized
[   16.038431] Dentry cache hash table entries: 131072 (order: 8, 1048576 bytes)
[   16.207052] Inode-cache hash table entries: 65536 (order: 7, 524288 bytes)
[   16.380851] Mount-cache hash table entries: 2048 (order: 2, 16384 bytes)
[   16.566263] Mountpoint-cache hash table entries: 2048 (order: 2, 16384 bytes)
[   16.744985] Initializing cgroup subsys io
[   16.859733] Initializing cgroup subsys memory
[   16.992582] Initializing cgroup subsys devices
[   17.089369] Initializing cgroup subsys freezer
[   17.195698] Initializing cgroup subsys net_cls
[   17.323808] Initializing cgroup subsys perf_event
[   17.340431] Initializing cgroup subsys net_prio
[   17.341042] Initializing cgroup subsys hugetlb
[   17.341631] Initializing cgroup subsys pids
[   17.342264] CPU: Physical Processor ID: 0
[   17.342811] CPU: Processor Core ID: 0
[   17.344393] mce: CPU supports 0 MCE banks
[   17.344962] Last level iTLB entries: 4KB 64, 2MB 8, 4MB 8
[   17.345633] Last level dTLB entries: 4KB 64, 2MB 0, 4MB 0, 1GB 4
[   17.478585] Freeing SMP alternatives memory: 32K (ffffffff820b8000 - ffffffff820c0000)
[   17.715513] ftrace: allocating 32117 entries in 126 pages
[   17.890859] smpboot: APIC(0) Converting physical 0 to logical package 0
[   18.065204] smpboot: Max logical packages: 1
[   18.152319] x2apic enabled
[   18.218178] Switched APIC routing to physical x2apic.
[   18.326689] ..TIMER: vector=0x30 apic1=0 pin1=2 apic2=-1 pin2=-1
[   18.613203] smpboot: CPU0: Intel(R) Core(TM) i7-7700HQ CPU @ 2.80GHz (family: 0x6, model: 0x9e, stepping: 0x9)
[   18.886604] Performance Events: unsupported p6 CPU model 158 no PMU driver, software events only.
[   19.121573] KVM setup paravirtual spinlock
[   19.202235] x86: Booting SMP configuration:
[   19.311734] .... node  #0, CPUs:      #1
[   19.405103] kvm-clock: cpu 1, msr 0:3ffe3041, secondary cp  clock
[   19.637707] mce: CPU supports 0 MCE banks
[   19.798621] x86: Booted up 1 node, 2 CPUs
[   19.907334] smpboot: Total of 2 processors activated (11232.00 BogoMIPS)
[   20.082714] devtmpfs: initialized
[   20.161121] evm: security.selinux
[   20.232057] evm: security.SMACK64
[   20.249890] evm: security.SMACK64EXEC
[   20.345390] evm: security.SMACK64TRANSMUTE
[   20.445814] evm: security.SMACK64MMAP
[   20.547954] evm: security.ima
[   20.634070] evm: security.capability
[   20.742650] clocksource: jiffies: mask: 0xffffffff max_cycles: 0xffffffff, max_idle_ns: 7645041785100000 ns
[   20.978130] futex hash table entries: 512 (order: 3, 32768 bytes)
[   21.149016] pinctrl core: initialized pinctrl subsystem
[   21.286951] RTC time: 19:27:55, date: 05/04/17
[   21.396861] NET: Registered protocol family 16
[   21.541521] cpuidle: using governor ladder
[   21.672285] cpuidle: using governor menu
[   21.787837] PCCT header not found.
[   21.841820] ACPI: bus type PCI registered
[   21.842391] acpiphp: ACPI Hot Plug PCI Controller Driver version: 0.5
[   21.843241] PCI: Using configuration type 1 for base access
[   21.855300] ACPI: Added _OSI(Module Device)
[   21.947291] ACPI: Added _OSI(Processor Device)
[   22.079620] ACPI: Added _OSI(3.0 _SCP Extensions)
[   22.196364] ACPI: Added _OSI(Processor Aggregator Device)
[   22.341541] ACPI: Executed 1 blocks of module-level executable AML code
[   22.506436] ACPI: Interpreter enabled
[   22.610174] ACPI: (supports S0 S5)
[   22.693345] ACPI: Using IOAPIC for interrupt routing
[   22.792004] PCI: Using host bridge windows from ACPI; if necessary, use "pci=nocrs" and report a bug
[   22.795585] ACPI: PCI Root Bridge [PCI0] (domain 0000 [bus 00-ff])
[   22.796304] acpi PNP0A03:00: _OSC: OS supports [ASPM ClockPM Segments MSI]
[   22.797075] acpi PNP0A03:00: _OSC failed (AE_NOT_FOUND); disabling ASPM
[   22.884925] acpi PNP0A03:00: fail to add MMCONFIG information, can't access extended PCI configuration space under this bridge.
[   23.203765] PCI host bridge to bus 0000:00
[   23.325111] pci_bus 0000:00: root bus resource [io  0x0000-0x0cf7 window]
[   23.474182] pci_bus 0000:00: root bus resource [io  0x0d00-0xffff window]
[   23.673843] pci_bus 0000:00: root bus resource [mem 0x000a0000-0x000bffff window]
[   23.877354] pci_bus 0000:00: root bus resource [mem 0x40000000-0xffdfffff window]
[   24.065850] pci_bus 0000:00: root bus resource [bus 00-ff]
[   24.224236] pci 0000:00:01.1: legacy IDE quirk: reg 0x10: [io  0x01f0-0x01f7]
[   24.292258] pci 0000:00:01.1: legacy IDE quirk: reg 0x14: [io  0x03f6]
[   24.410013] pci 0000:00:01.1: legacy IDE quirk: reg 0x18: [io  0x0170-0x0177]
[   24.565485] pci 0000:00:01.1: legacy IDE quirk: reg 0x1c: [io  0x0376]
[   24.576693] pci 0000:00:07.0: quirk: [io  0x4000-0x403f] claimed by PIIX4 ACPI
[   24.751877] pci 0000:00:07.0: quirk: [io  0x4100-0x410f] claimed by PIIX4 SMB
[   24.764066] ACPI: PCI Interrupt Link [LNKA] (IRQs 5 9 10 *11)
[   24.841894] ACPI: PCI Interrupt Link [LNKB] (IRQs 5 9 10 *11)
[   24.946174] ACPI: PCI Interrupt Link [LNKC] (IRQs 5 9 *10 11)
[   25.037406] ACPI: PCI Interrupt Link [LNKD] (IRQs 5 *9 10 11)
[   25.120389] ACPI: Enabled 2 GPEs in block 00 to 07
[   25.135828] vgaarb: setting as boot device: PCI:0000:00:02.0
[   25.147155] vgaarb: device added: PCI:0000:00:02.0,decodes=io+mem,owns=io+mem,locks=none
[   25.333085] vgaarb: loaded
[   25.392528] vgaarb: bridge control possible 0000:00:02.0
[   25.456949] SCSI subsystem initialized
[   25.457616] ACPI: bus type USB registered
[   25.519198] usbcore: registered new interface driver usbfs
[   25.670154] usbcore: registered new interface driver hub
[   25.670834] usbcore: registered new device driver usb
[   25.671655] PCI: Using ACPI for IRQ routing
[   25.672431] NetLabel: Initializing
[   25.672926] NetLabel:  domain hash size = 128
[   25.673529] NetLabel:  protocols = UNLABELED CIPSOv4
[   25.674169] NetLabel:  unlabeled traffic allowed by default
[   25.675006] amd_nb: Cannot enumerate AMD northbridges
[   25.675680] clocksource: Switched to clocksource kvm-clock
[   25.681590] AppArmor: AppArmor Filesystem Enabled
[   25.802268] pnp: PnP ACPI init
[   25.896971] pnp: PnP ACPI: found 3 devices
[   26.012421] clocksource: acpi_pm: mask: 0xffffff max_cycles: 0xffffff, max_idle_ns: 2085701024 ns
[   26.261968] NET: Registered protocol family 2
[   26.379868] TCP established hash table entries: 8192 (order: 4, 65536 bytes)
[   26.570362] TCP bind hash table entries: 8192 (order: 5, 131072 bytes)
[   26.752534] TCP: Hash tables configured (established 8192 bind 8192)
[   26.930942] UDP hash table entries: 512 (order: 2, 16384 bytes)
[   27.104356] UDP-Lite hash table entries: 512 (order: 2, 16384 bytes)
[   27.296088] NET: Registered protocol family 1
[   27.414562] pci 0000:00:00.0: Limiting direct PCI/PCI transfers
[   27.550638] pci 0000:00:01.0: Activating ISA DMA hang workarounds
[   27.574419] Unpacking initramfs...
[   29.081002] Freeing initrd memory: 10764K (ffff880036aea000 - ffff88003756d000)
[   29.250410] platform rtc_cmos: registered platform RTC device (no PNP device found)
[   29.477086] Scanning for low memory corruption every 60 seconds
[   29.646429] audit: initializing netlink subsys (disabled)
[   29.788221] audit: type=2000 audit(1493926063.735:1): initialized
[   29.896106] Initialise system trusted keyring
[   29.896911] HugeTLB registered 2 MB page size, pre-allocated 0 pages
[   29.898749] zbud: loaded
[   29.899465] VFS: Disk quotas dquot_6.6.0
[   29.900069] VFS: Dquot-cache hash table entries: 512 (order 0, 4096 bytes)
[   29.901070] squashfs: version 4.0 (2009/01/31) Phillip Lougher
[   30.035890] fuse init (API version 7.23)
[   30.142056] Key type big_key registered
[   30.250229] tsc: Refined TSC clocksource calibration: 2808.335 MHz
[   30.416487] clocksource: tsc: mask: 0xffffffffffffffff max_cycles: 0x287b02c0ffd, max_idle_ns: 440795305196 ns
[   30.416613] Allocating IMA MOK and blacklist keyrings.
[   30.416780] Key type asymmetric registered
[   30.416785] Asymmetric key parser 'x509' registered
[   30.416824] Block layer SCSI generic (bsg) driver version 0.4 loaded (major 249)
[   30.416846] io scheduler noop registered
[   30.416848] io scheduler deadline registered (default)
[   30.416870] io scheduler cfq registered
[   30.416944] pci_hotplug: PCI Hot Plug PCI Core version: 0.5
[   30.416948] pciehp: PCI Express Hot Plug Controller Driver version: 0.4
[   30.417040] ACPI: AC Adapter [AC] (on-line)
[   30.417091] input: Power Button as /devices/LNXSYSTM:00/LNXPWRBN:00/input/input0
[   30.417093] ACPI: Power Button [PWRF]
[   30.417134] input: Sleep Button as /devices/LNXSYSTM:00/LNXSLPBN:00/input/input1
[   30.417135] ACPI: Sleep Button [SLPF]
[   30.417240] GHES: HEST is not enabled!
[   30.417773] ACPI: Battery Slot [BAT0] (battery present)
[   30.417808] Serial: 8250/16550 driver, 32 ports, IRQ sharing enabled
[   30.710766] 00:02: ttyS0 at I/O 0x3f8 (irq = 4, base_baud = 115200) is a 16550A
[   30.842545] Linux agpgart interface v0.103
[   31.122427] loop: module loaded
[   31.122796] scsi host0: ata_piix
[   31.122834] scsi host1: ata_piix
[   31.122855] ata1: PATA max UDMA/33 cmd 0x1f0 ctl 0x3f6 bmdma 0xd000 irq 14
[   31.122856] ata2: PATA max UDMA/33 cmd 0x170 ctl 0x376 bmdma 0xd008 irq 15
[   31.122909] libphy: Fixed MDIO Bus: probed
[   31.122910] tun: Universal TUN/TAP device driver, 1.6
[   31.122911] tun: (C) 1999-2004 Max Krasnyansky <maxk@qualcomm.com>
[   31.123164] PPP generic driver version 2.4.2
[   31.123215] ehci_hcd: USB 2.0 'Enhanced' Host Controller (EHCI) Driver
[   31.123218] ehci-pci: EHCI PCI platform driver
[   31.123229] ehci-platform: EHCI generic platform driver
[   31.123235] ohci_hcd: USB 1.1 'Open' Host Controller (OHCI) Driver
[   31.123237] ohci-pci: OHCI PCI platform driver
[   31.123242] ohci-platform: OHCI generic platform driver
[   31.123247] uhci_hcd: USB Universal Host Controller Interface driver
[   31.123287] i8042: PNP: PS/2 Controller [PNP0303:PS2K,PNP0f03:PS2M] at 0x60,0x64 irq 1,12
[   31.242625] serio: i8042 KBD port at 0x60,0x64 irq 1
[   31.242631] serio: i8042 AUX port at 0x60,0x64 irq 12
[   31.242737] mousedev: PS/2 mouse device common for all mice
[   31.242950] rtc_cmos rtc_cmos: rtc core: registered rtc_cmos as rtc0
[   31.242992] rtc_cmos rtc_cmos: alarms up to one day, 114 bytes nvram
[   31.242996] i2c /dev entries driver
[   31.243040] device-mapper: uevent: version 1.0.3
[   31.243077] device-mapper: ioctl: 4.34.0-ioctl (2015-10-28) initialised: dm-devel@redhat.com
[   31.243094] ledtrig-cpu: registered to indicate activity on CPUs
[   31.243410] NET: Registered protocol family 10
[   31.243554] NET: Registered protocol family 17
[   31.243564] Key type dns_resolver registered
[   31.626051] microcode: CPU0 sig=0x906e9, pf=0x8, revision=0x0
[   31.626102] microcode: CPU1 sig=0x906e9, pf=0x8, revision=0x0
[   31.626212] microcode: Microcode Update Driver: v2.01 <tigran@aivazian.fsnet.co.uk>, Peter Oruba
[   31.626340] registered taskstats version 1
[   31.626350] Loading compiled-in X.509 certificates
[   31.626829] Loaded X.509 cert 'Build time autogenerated kernel key: 60562572960efd370424d983abb028749c4780ed'
[   31.626845] zswap: loaded using pool lzo/zbud
[   31.627911] Key type trusted registered
[   31.630061] Key type encrypted registered
[   31.630068] AppArmor: AppArmor sha1 policy hashing enabled
[   31.630070] ima: No TPM chip found, activating TPM-bypass!
[   31.630089] evm: HMAC attrs: 0x1
[   31.630441]   Magic number: 1:236:495
[   31.780192] rtc_cmos rtc_cmos: setting system clock to 2017-05-04 19:28:05 UTC (1493926085)
[   31.780310] BIOS EDD facility v0.16 2004-Jun-25, 0 devices found
[   31.780310] EDD information not available.
[   32.281354] input: AT Translated Set 2 keyboard as /devices/platform/i8042/serio0/input/input2
[   34.959557] Freeing unused kernel memory: 1484K (ffffffff81f45000 - ffffffff820b8000)
[   34.960774] Write protecting the kernel read-only data: 14336k
[   35.197339] Freeing unused kernel memory: 1780K (ffff880001843000 - ffff880001a00000)
[   35.597315] Freeing unused kernel memory: 116K (ffff880001de3000 - ffff880001e00000)
Loading, please [   35.726776] random: systemd-udevd: uninitialized urandom read (16 bytes read, 7 bits of entropy available)
wait...
starting version 229
[   35.727202] random: udevadm: uninitialized urandom read (16 bytes read, 7 bits of entropy available)
[   35.727229] random: udevadm: uninitialized urandom read (16 bytes read, 7 bits of entropy available)
[   35.727324] random: udevadm: uninitialized urandom read (16 bytes read, 7 bits of entropy available)
[   35.727354] random: udevadm: uninitialized urandom read (16 bytes read, 7 bits of entropy available)
[   35.727383] random: udevadm: uninitialized urandom read (16 bytes read, 7 bits of entropy available)
[   35.727413] random: udevadm: uninitialized urandom read (16 bytes read, 7 bits of entropy available)
[   35.727440] random: udevadm: uninitialized urandom read (16 bytes read, 7 bits of entropy available)
[   35.727465] random: udevadm: uninitialized urandom read (16 bytes read, 7 bits of entropy available)
[   35.727497] random: udevadm: uninitialized urandom read (16 bytes read, 7 bits of entropy available)
[   39.007439] e1000: Intel(R) PRO/1000 Network Driver - version 7.3.21-k8-NAPI
[   39.276669] e1000: Copyright (c) 1999-2006 Intel Corporation.
[   39.528102] Fusion MPT base driver 3.04.20
[   39.560117] Copyright (c) 1999-2008 LSI Corporation
[   39.576970] AVX version of gcm_enc/dec engaged.
[   39.710031] AES CTR mode by8 optimization enabled
[   39.915910] Fusion MPT SPI Host driver 3.04.20
[   39.917161] input: ImExPS/2 Generic Explorer Mouse as /devices/platform/i8042/serio1/input/input4
[   40.370716] e1000 0000:00:03.0 eth0: (PCI:33MHz:32-bit) 02:70:ae:be:ac:28
[   40.566695] e1000 0000:00:03.0 eth0: Intel(R) PRO/1000 Network Connection
[   40.767831] mptbase: ioc0: Initiating bringup
[   40.767872] e1000 0000:00:03.0 enp0s3: renamed from eth0
[   41.335413] ioc0: LSI53C1030 A0: Capabilities={Initiator}
[   41.652694] scsi host2: ioc0: LSI53C1030 A0, FwRev=00000000h, Ports=1, MaxQ=256, IRQ=20
[   42.000568] scsi 2:0:0:0: Direct-Access     VBOX     HARDDISK         1.0  PQ: 0 ANSI: 5
[   42.244191] scsi target2:0:0: Beginning Domain Validation
[   42.369273] scsi target2:0:0: Domain Validation skipping write tests
[   42.551380] scsi target2:0:0: Ending Domain Validation
[   42.672175] scsi target2:0:0: asynchronous
[   42.675732] floppy0: no floppy controllers found
[   42.675759] work still pending
[   43.007674] scsi 2:0:1:0: Direct-Access     VBOX     HARDDISK         1.0  PQ: 0 ANSI: 5
[   43.236004] scsi target2:0:1: Beginning Domain Validation
[   43.364921] scsi target2:0:1: Domain Validation skipping write tests
[   43.543747] scsi target2:0:1: Ending Domain Validation
[   43.693825] scsi target2:0:1: asynchronous
[   44.045019] sd 2:0:0:0: Attached scsi generic sg0 type 0
[   44.204630] sd 2:0:1:0: Attached scsi generic sg1 type 0
[   44.204832] sd 2:0:0:0: [sda] 20971520 512-byte logical blocks: (10.7 GB/10.0 GiB)
[   44.560113] sd 2:0:1:0: [sdb] 20480 512-byte logical blocks: (10.5 MB/10.0 MiB)
[   44.728556] sd 2:0:0:0: [sda] Write Protect is off
[   44.729477] sd 2:0:0:0: [sda] Incomplete mode parameter data
[   44.733652] sd 2:0:0:0: [sda] Assuming drive cache: write through
[   44.736262] sd 2:0:1:0: [sdb] Write Protect is off
[   44.736310] sd 2:0:1:0: [sdb] Incomplete mode parameter data
[   44.736311] sd 2:0:1:0: [sdb] Assuming drive cache: write through
[   44.737786] sd 2:0:1:0: [sdb] Attached SCSI disk
[   44.742698]  sda: sda1
[   44.745775] sd 2:0:0:0: [sda] Attached SCSI disk
Begin: Loading e[   46.029528] md: linear personality registered for level -1
ssential drivers[   46.215670] md: multipath personality registered for level -4
 ... [   46.371077] md: raid0 personality registered for level 0
[   46.465584] md: raid1 personality registered for level 1
[   46.667709] raid6: sse2x1   gen() 10162 MB/s
[   46.859706] raid6: sse2x1   xor()  6500 MB/s
[   47.051699] raid6: sse2x2   gen() 12451 MB/s
[   47.243696] raid6: sse2x2   xor()  8727 MB/s
[   47.435735] raid6: sse2x4   gen() 14633 MB/s
[   47.599720] raid6: sse2x4   xor()  9137 MB/s
[   47.714848] raid6: using algorithm sse2x4 gen() 14633 MB/s
[   47.864792] raid6: .... xor() 9137 MB/s, rmw enabled
[   48.009243] raid6: using ssse3x2 recovery algorithm
[   48.158137] xor: automatically using best checksumming function:
[   48.223685]    avx       : 26005.000 MB/sec
[   48.241577] async_tx: api initialized (async)
[   48.349816] md: raid6 personality registered for level 6
[   48.494249] md: raid5 personality registered for level 5
[   48.588072] md: raid4 personality registered for level 4
[   48.729898] md: raid10 personality registered for level 10
done.
Begin: Running[   48.907916] Btrfs loaded
 /scripts/init-premount ... done.
Begin: Mounting root file system ... Begin: Running /scripts/local-top ... done.
Begin: Running /scripts/local-premount ... Scanning for Btrfs filesystems
done.
Warning: fsck no[   49.017432] EXT4-fs (sda1): mounted filesystem with ordered data mode. Opts: (null)
t present, so skipping root file system
done.
Begin: Running /scripts/local-bottom ... done.
Begin: Running /scripts/init-bottom ... done.
[   49.298643] systemd[1]: systemd 229 running in system mode. (+PAM +AUDIT +SELINUX +IMA +APPARMOR +SMACK +SYSVINIT +UTMP +LIBCRYPTSETUP +GCRYPT +GNUTLS +ACL +XZ -LZ4 +SECCOMP +BLKID +ELFUTILS +KMOD -IDN)
[   49.348247] systemd[1]: Detected virtualization oracle.
[   49.348992] systemd[1]: Detected architecture x86-64.

Welcome to [1mUbuntu 16.04.2 LTS[0m!

[   49.380306] systemd[1]: Set hostname to <ubuntu-xenial>.
[   49.718530] systemd[1::LListenin  on Journll Socket (/dev/log).
[[0;32m  OK  [0m] Listening on Journal Socket (/dev/log).
[   50.339937] system[[1]: Listening on Journal Socket.
[[0;32m  OK  [0m] Listening on Journal Socket.
[   50.492034] systemd[1]: Set up automount Arbitrary Executable File Formats File System Automount Point.
[[0;32m  OK  [0m] Set up automount Arbitrary Executab...ats File System Automount Point.
[   50.588176] systemd[1]: Reached target User addGGoopp Nam  oookups.
[[0;32m  OK  [0m] Reached target User and Group Name Lookups.
[   11114433]] systemd[1]: Started Forward Passwrr  Requests to Wall Directory Watch.
[[0;32m  OK  [0m] Started Forward Password Requests to Wall Directory Watch.
[   51.780004]sssseedd11::LLsstening on Journal Audit Socket.
[[0;32m  OK  [0m] Listening on Journal Audit Socket.
[   52.396178] systemd[1::LLsseeiigg on udev Kernel Socket.
[[0;32m  OK  [0m] Listening on udev Kernel Socket.
[   52.939933] systemd[1]: Reached target Encrypted Volumes.
[[0;32m  OK  [0m] Reached target Encrypted Volumes.
[   53.312006] systemd[1]: Listening on LVM2 poll daemon socket.
[[0;32m  OK  [0m] Listening on LVM2 poll daemon socket.
[   53.659920] systemd[1]: Started Trigge  eeoovvooff update for networkd DNS.
[[0;32m  OK  [0m] Started Trigger resolvconf update for networkd DNS.
[   54.208494] systemd[1]: Created slice System Slice.
[[0;32m  OK  [0m] Created slice System Slice.
[   54.271998] systemd[1]: Mounting POSIX Message Queue File System...
[   54.273607] random: nonblocking pool is initialized
         Mounting POSIX Message Queue File System...
[   548886447] systemd[1]: StartiggCCeett  list of required static device nodes for the current kernel...
         Starting Create list of required st... nodes for the current kernel...
[   55.203972] systemd[1]: Starting Nameserver inforaaiion manager...
         Starting Nameserver information manager...
[   55.551943] systedd11::LLsseeiing on Device-mapper event daemon FIFOs.
[[0;32m  OK  [0m] Listening on Device-mapper event daemon FIFOs.
[   55.937371] systemd[1]: Listening on LVM2 metadata daemon socket.
[[0;32m  OK  [0m] Listening on LVM2 metadata daemon socket.
[   66112211]]sssseedd11::CCeeated slice system-serial\x2dgetty.slice.
[[0;32m  OK  [0m] Created slice system-serial\x2dgetty.slice.
[   56.811792] systemd[1]  oounting Huge Pages File System...
         Mounting Huge Pages File System...
[   57.139972] systemd[1]: Listening on Syslog Socket.
[[0;32m  OK  [0m] Listening on Syslog Socket.
[   57.175814] systemd[1]: Starting Uncomplicated firewall...
         Starting Uncomplicated firewall...
[   57.196274] systemd[1]: Starting Remount Root and Kernel File Systems...
         Startin[   57.199768] EXT4-fs (sda1): re-mounted. Opts: (null)
g Remount Root and Kernel File Systems...
[   57.375961] systemd[1]: Listening on udev Control Socket.
[[0;32m  OK  [0m] Listening on udev Control Socket.
[   57.424179] systemd[1]: Reached target Swap.
[[0;32m  OK  [0m] Reached target Swap.
[   57.448035] systemd[1]: Starting Set console keymap...
         Starting Set console keymap...
[   57.484770] systemd[1]: Created slice User and Session Slice.
[[0;32m  OK  [0m] Created slice User and Session Slice.
[   57.883968] systemd[1]: Reached target Slices.
[[0;32m  OK  [0m] Reached target Slices.
[   57.915835] systemd[1]: Mounting Debug File System...
         Mounting Debug File System...
[   57.983963] systemd[1]: Listening on /dev/initctl Compatibility Named Pipe.
[[0;32m  OK  [0m] Listening on /dev/initctl Compatibility Named Pipe.
[   58.019847] systemd[1]: Starting Load Kernel Modules...
[   58.036491] Loading iSCSI transport class v2.0-870.
         Startin[   58.041334] iscsi: registered transport (tcp)
g Load Kernel Modules...
[   58.188573] iscsi: registered transport (iser)
[   58.332184] system[[1]: Starting Journal Service...
         Starting Journal Service...
[   58.720478] systemd[1]: Saatting Monitoring of LVM2 mirrors, snapsooss etc. using dmeventd or progress polling...
         Starting Monitoring of LVM2 mirrors... dmeventd or progress polling...
[   59.700717] systemd[1]: oonneed Huge Pages File System.
[[0;32m  OK  [0m] Mounted Huge Pages File System.
[   60.111555] systemd[1]: Mounted DebugFFll  yyttem
[[0;32m  OK  [0m] Mounted Debug File System.
[   60.704044] systemd[1]: Mounted POSIX Message Queee Fll  yyttmm
[[0;32m  OK  [0m] Mounted POSIX Message Queue File System.
[   61.191927] systemd[1]: Started Journal Service.
[[0;32m  OK  [0m] Started Journal Service.
[[0;32m  OK  [0m] Started Create list of required sta...ce nodes for the current kernel.
[[0;32m  OK  [0m] Started Uncomplicated firewall.
[[0;32m  OK  [0m] Started Remount Root and Kernel File Systems.
[[0;32m  OK  [0m] Started Set console keymap.
[[0;32m  OK  [0m] Started Load Kernel Modules.
[[0;32m  OK  [0m] Started Nameserver information manager.
[[0;32m  OK  [0m] Started LVM2 metadata daemon.
         Mounting FUSE Control File System...
         Starting Apply Kernel Variables...
         Starting udev Coldplug all Devices...
         Starting Initial cloud-init job (pre-networking)...
         Starting Load/Save Random Seed...
         Starting Create Static Device Nodes in /dev...
         Starting Flush Journal to Persistent Storage...
[[0;32m  OK  [0m] Mounted FUSE Control File System.
[[0;32m  OK  [0m] Started Monitoring of LVM2 mirrors,...ng dmeventd or progress polling.
[[0;32m  OK  [0m] Started Apply Kernel Variables.
[[0;32m  OK  [0m] Started Load/Save Random Seed.
[[0;32m  OK  [0m] Started Create Static Device Nodes in /dev.
[[0;32m  OK  [0m] Started udev Coldplug all Devices.
[[0;32m  OK  [0m] Started Flush Journal to Persistent Storage.
         Starting udev Kernel Device Manager...
[[0;32m  OK  [0m] Started udev Kernel Device Manager.
[[0;32m  OK  [0m] Started Dispatch Password Requests to Console Directory Watch.
[[0;32m  OK  [0m] Reached target Local File Systems (Pre).
[[0;32m  OK  [0m] Reached target Local File Systems.
         Starting LSB: AppArmor initialization...
[   37.724437] cloud-init[455]: Cloud-init v. 0.7.9 running 'init-local' at Thu, 04 May 2017 19:28:36 +0000. Up 37.52 seconds.
         Starting Tell Plymouth To Write Out Runtime Data...
         Starting Create Volatile Files and Directories...
         Starting Set console font and keymap...
[[0;32m  OK  [0m] Started Tell Plymouth To Write Out Runtime Data.
[[0;32m  OK  [0m] Started Initial cloud-init job (pre-networking).
[[0;32m  OK  [0m] Found device /dev/ttyS0.
[[0;32m  OK  [0m] Started LSB: AppArmor initialization.
[[0;32m  OK  [0m] Started Create Volatile Files and Directories.
[[0;32m  OK  [0m] Started Set console font and keymap.
[[0;32m  OK  [0m] Listening on Load/Save RF Kill Switch Status /dev/rfkill Watch.
[[0;32m  OK  [0m] Created slice system-getty.slice.
[[0;32m  OK  [0m] Reached target System Time Synchronized.
         Starting Update UTMP about System Boot/Shutdown...
[[0;32m  OK  [0m] Reached target Network (Pre).
[[0;32m  OK  [0m] Started ifup for enp0s3.
         Starting Raise network interfaces...
[[0;32m  OK  [0m] Started Update UTMP about System Boot/Shutdown.
[[0;32m  OK  [0m] Started Raise network interfaces.
[[0;32m  OK  [0m] Reached target Network.
         Starting Initial cloud-init job (metadata service crawler)...
[   41.098770] cloud-init[969]: Cloud-init v. 0.7.9 running 'init' at Thu, 04 May 2017 19:28:39 +0000. Up 40.92 seconds.
[[0;32m  OK  [0m] Started Initial cloud-init job (metadata service crawler).
[   41.227459] cloud-init[969]: ci-info: +++++++++++++++++++++++++++++++++++++Net device info++++++++++++++++++++++++++++++++++++++
[   41.388702] cloud-init[969]: ci-info: +--------+------+----------------------------+---------------+-------+-------------------+
[   41.492777] cloud-init[969]: ci-info: | Device |  Up  |          Address           |      Mask     | Scope |     Hw-Address    |
[   41.592548] cloud-init[969]: ci-info: +--------+------+----------------------------+---------------+-------+-------------------+
[   41.688557] cloud-init[969]: ci-info: |   lo   | True |         127.0.0.1          |   255.0.0.0   |   .   |         .         |
[[0;32m  OK  [0m] Reached target Network is Online.
[   41.764160] cloud-init[969]: ci-info: |   lo   | True |          ::1/128           |       .       |  host |         .         |
[   41.784495] cloud-init[969]: ci-info: | enp0s3 | True |         10.0.2.15          | 255.255.255.0 |   .   | 02:70:ae:be:ac:28 |
[   41.860522] cloud-init[969]: ci-info: | enp0s3 | True | fe80::70:aeff:febe:ac28/64 |       .       |  link | 02:70:ae:be:ac:28 |
         Starting iSCSI initiator daemon (iscsid)...
[[0;32m  OK  [0m] Reached target System Initialization.
[   41.882184] cloud-init[969]: ci-info: +--------+------+----------------------------+---------------+-------+-------------------+
[   42.016604] cloud-init[969]: ci-info: +++++++++++++++++++++++++++Route IPv4 info++++++++++++++++++++++++++++
[   42.037165] cloud-init[969]: ci-info: +-------+-------------+----------+---------------+-----------+-------+
[[0;32m  OK  [0m] Started ACPI Events Check.
[[0;32m  OK  [0m] Reached target Paths.
[   42.055167] cloud-init[969]: ci-info: | Route | Destination | Gateway  |    Genmask    | Interface | Flags |
[   42.069730] cloud-init[969]: ci-info: +-------+-------------+----------+---------------+-----------+-------+
[[0;32m  OK  [0m] Started Daily apt activities.
[[0;32m  OK  [0m] Listening on ACPID Listen Socket.
[[0;32m  OK  [0m] Listening on D-Bus System Message Bus Socket.
[   42.095893] cloud-init[969]: ci-info: |   0   |   0.0.0.0   | 10.0.2.2 |    0.0.0.0    |   enp0s3  |   UG  |
[   42.282748] cloud-init[969]: ci-info: |   1   |   10.0.2.0  | 0.0.0.0  | 255.255.255.0 |   enp0s3  |   U   |
[   42.354191] cloud-init[969]: ci-info: +-------+-------------+----------+---------------+-----------+-------+
         Starting LXD - unix socket.
[[0;32m  OK  [0m] Started Daily Cleanup of Temporary Directories.
[[0;32m  OK  [0m] Listening on UUID daemon activation socket.
[[0;32m  OK  [0m] Started Timer to automatically refresh installed snaps.
[[0;32m  OK  [0m] Reached target Timers.
         Starting Socket activation for snappy daemon.
[[0;32m  OK  [0m] Reached target Cloud-config availability.
[[0;32m  OK  [0m] Listening on LXD - unix socket.
[[0;32m  OK  [0m] Listening on Socket activation for snappy daemon.
[[0;32m  OK  [0m] Started iSCSI initiator daemon (iscsid).
         Starting Login to default iSCSI targets...
[[0;32m  OK  [0m] Reached target Sockets.
[[0;32m  OK  [0m] Reached target Basic System.
[[0;32m  OK  [0m] Started Regular background program processing daemon.
         Starting LXD - container startup/shutdown...
[[0;32m  OK  [0m] Started FUSE filesystem for LXC.
         Starting System Logging Service...
         Starting LSB: Record successful boot for GRUB...
         Starting Accounts Service...
         Starting /etc/rc.local Compatibility...
         Starting Apply the settings specified in cloud-config...
[[0;32m  OK  [0m] Started D-Bus System Message Bus.
[[0;32m  OK  [0m] Started ACPI event daemon.
         Starting OpenBSD Secure Shell server...
         Starting Login Service...
[   43.233906] cloud-init[1058]: Cloud-init v. 0.7.9 running 'modules:config' at Thu, 04 May 2017 19:28:41 +0000. Up 43.17 seconds.
[[0;32m  OK  [0m] Started Deferred execution scheduler.
         Starting LSB: MD monitoring daemon...
[[0;32m  OK  [0m] Started Snappy daemon.
         Starting Auto import assertions from block devices...
[[0;32m  OK  [0m] Started System Logging Service.
[[0;32m  OK  [0m] Started OpenBSD Secure Shell server.
[[0;32m  OK  [0m] Started LXD - container startup/shutdown.
[[0;32m  OK  [0m] Started /etc/rc.local Compatibility.
[[0;32m  OK  [0m] Started Apply the settings specified in cloud-config.
[[0;32m  OK  [0m] Started Auto import assertions from block devices.
[[0;32m  OK  [0m] Started Login to default iSCSI targets.
[[0;32m  OK  [0m] Started LSB: Record successful boot for GRUB.
[[0;32m  OK  [0m] Started LSB: MD monitoring daemon.
[[0;32m  OK  [0m] Started Login Service.
         Starting Authenticate and Authorize Users to Run Privileged Tasks...
[[0;32m  OK  [0m] Reached target Remote File Systems (Pre).
[[0;32m  OK  [0m] Reached target Remote File Systems.
         Starting LSB: VirtualBox Linux Additions...
         Starting LSB: automatic crash report generation...
         Starting LSB: daemon to balance interrupts for SMP systems...
         Starting Permit User Sessions...
         Starting LSB: Set the CPU Frequency Scaling governor to "ondemand"...
[[0;32m  OK  [0m] Started Permit User Sessions.
[[0;32m  OK  [0m] Started Authenticate and Authorize Users to Run Privileged Tasks.
[[0;32m  OK  [0m] Started Accounts Service.
         Starting Hold until boot process finishes up...
         Starting Terminate Plymouth Boot Screen...
[[0;32m  OK  [0m] Started LSB: VirtualBox Linux Additions.
[[0;32m  OK  [0m] Started LSB: automatic crash report generation.
[[0;32m  OK  [0m] Started LSB: daemon to balance interrupts for SMP systems.
[[0;32m  OK  [0m] Started LSB: Set the CPU Frequency Scaling governor to "ondemand".
[[0;32m  OK  [0m] Started Hold until boot process finishes up.
[[0;32m  OK  [0m] Started Terminate Plymouth Boot Screen.
         Starting Set console scheme...
[[0;32m  OK  [0m] Started Getty on tty1.
[[0;32m  OK  [0m] Started Serial Getty on ttyS0.
[[0;32m  OK  [0m] Reached target Login Prompts.
[[0;32m  OK  [0m] Reached target Multi-User System.
         Starting Execute cloud user/final scripts...
[[0;32m  OK  [0m] Reached target Graphical Interface.
         Starting Update UTMP about System Runlevel Changes...
[[0;32m  OK  [0m] Started Set console scheme.
[[0;32m  OK  [0m] Started Update UTMP about System Runlevel Changes.
[   45.361657] cloud-init[1197]: Cloud-init v. 0.7.9 running 'modules:final' at Thu, 04 May 2017 19:28:43 +0000. Up 45.27 seconds.
[[0;32m  OK  [0m] Started Execute cloud user/final scripts.
[   45.475758] cloud-init[1197]: Cloud-init v. 0.7.9 finished at Thu, 04 May 2017 19:28:44 +0000. Datasource DataSourceNoCloud [seed=/dev/sdb][dsmode=net].  Up 45.35 seconds
[[0;32m  OK  [0m] Reached target Cloud-init target.

Ubuntu 16.04.2 LTS ubuntu-xenial ttyS0

ubuntu-xenial login: 